2025-06-19 14:42:20.081 [background-preinit] INFO  org.hibernate.validator.internal.util.Version - HV000001: Hibernate Validator 8.0.1.Final
2025-06-19 14:42:20.120 [main] INFO  com.groupbuy.GroupBuyApplication - Starting GroupBuyApplication using Java 21.0.6 with PID 23196 (D:\课程\软件开发\大作业\final\代码\backduan\target\classes started by 86156 in D:\课程\软件开发\大作业\final\代码\backduan)
2025-06-19 14:42:20.127 [main] DEBUG com.groupbuy.GroupBuyApplication - Running with Spring Boot v3.1.5, Spring v6.0.13
2025-06-19 14:42:20.128 [main] INFO  com.groupbuy.GroupBuyApplication - No active profile set, falling back to 1 default profile: "default"
2025-06-19 14:42:20.752 [main] INFO  o.s.d.r.config.RepositoryConfigurationDelegate - Multiple Spring Data modules found, entering strict repository configuration mode
2025-06-19 14:42:20.757 [main] INFO  o.s.d.r.config.RepositoryConfigurationDelegate - Bootstrapping Spring Data Redis repositories in DEFAULT mode.
2025-06-19 14:42:20.785 [main] INFO  o.s.d.r.config.RepositoryConfigurationDelegate - Finished Spring Data repository scanning in 24 ms. Found 0 Redis repository interfaces.
2025-06-19 14:42:21.463 [main] INFO  o.s.boot.web.embedded.tomcat.TomcatWebServer - Tomcat initialized with port(s): 8888 (http)
2025-06-19 14:42:21.465 [main] INFO  org.apache.coyote.http11.Http11NioProtocol - Initializing ProtocolHandler ["http-nio-8888"]
2025-06-19 14:42:21.465 [main] INFO  org.apache.catalina.core.StandardService - Starting service [Tomcat]
2025-06-19 14:42:21.465 [main] INFO  org.apache.catalina.core.StandardEngine - Starting Servlet engine: [Apache Tomcat/10.1.15]
2025-06-19 14:42:21.589 [main] INFO  o.a.c.c.ContainerBase.[Tomcat].[localhost].[/api] - Initializing Spring embedded WebApplicationContext
2025-06-19 14:42:21.595 [main] INFO  o.s.b.w.s.c.ServletWebServerApplicationContext - Root WebApplicationContext: initialization completed in 1423 ms
2025-06-19 14:42:22.274 [main] WARN  o.s.b.a.s.s.UserDetailsServiceAutoConfiguration - 

Using generated security password: 9483f911-1905-438d-b1d1-380f8d5c3fed

This generated password is for development use only. Your security configuration must be updated before running your application in production.

2025-06-19 14:42:22.512 [main] INFO  o.s.security.web.DefaultSecurityFilterChain - Will secure any request with [org.springframework.security.web.session.DisableEncodeUrlFilter@628ba266, org.springframework.security.web.context.request.async.WebAsyncManagerIntegrationFilter@1231a1be, org.springframework.security.web.context.SecurityContextHolderFilter@1d226f27, org.springframework.security.web.header.HeaderWriterFilter@5e24592e, org.springframework.web.filter.CorsFilter@39b626e5, org.springframework.security.web.authentication.logout.LogoutFilter@2d24cdd9, org.springframework.security.web.savedrequest.RequestCacheAwareFilter@7c3c453b, org.springframework.security.web.servletapi.SecurityContextHolderAwareRequestFilter@34f23816, org.springframework.security.web.authentication.AnonymousAuthenticationFilter@1d77746b, org.springframework.security.web.session.SessionManagementFilter@619c3546, org.springframework.security.web.access.ExceptionTranslationFilter@3ac0a14b, org.springframework.security.web.access.intercept.AuthorizationFilter@75e0a54c]
2025-06-19 14:42:22.932 [main] INFO  org.apache.coyote.http11.Http11NioProtocol - Starting ProtocolHandler ["http-nio-8888"]
2025-06-19 14:42:22.972 [main] INFO  o.s.boot.web.embedded.tomcat.TomcatWebServer - Tomcat started on port(s): 8888 (http) with context path '/api'
2025-06-19 14:42:22.979 [main] INFO  com.groupbuy.GroupBuyApplication - Started GroupBuyApplication in 3.345 seconds (process running for 3.766)
2025-06-19 14:42:33.383 [http-nio-8888-exec-5] INFO  o.a.c.c.ContainerBase.[Tomcat].[localhost].[/api] - Initializing Spring DispatcherServlet 'dispatcherServlet'
2025-06-19 14:42:33.383 [http-nio-8888-exec-5] INFO  org.springframework.web.servlet.DispatcherServlet - Initializing Servlet 'dispatcherServlet'
2025-06-19 14:42:33.385 [http-nio-8888-exec-5] INFO  org.springframework.web.servlet.DispatcherServlet - Completed initialization in 1 ms
2025-06-19 14:42:33.399 [http-nio-8888-exec-3] DEBUG org.springframework.security.web.FilterChainProxy - Securing OPTIONS /product/hot?limit=10
2025-06-19 14:42:33.399 [http-nio-8888-exec-5] DEBUG org.springframework.security.web.FilterChainProxy - Securing OPTIONS /category/list
2025-06-19 14:42:33.422 [http-nio-8888-exec-6] DEBUG org.springframework.security.web.FilterChainProxy - Securing GET /product/hot?limit=10
2025-06-19 14:42:33.429 [http-nio-8888-exec-7] DEBUG org.springframework.security.web.FilterChainProxy - Securing GET /category/list
2025-06-19 14:42:33.435 [http-nio-8888-exec-7] DEBUG o.s.s.w.a.AnonymousAuthenticationFilter - Set SecurityContextHolder to anonymous SecurityContext
2025-06-19 14:42:33.435 [http-nio-8888-exec-6] DEBUG o.s.s.w.a.AnonymousAuthenticationFilter - Set SecurityContextHolder to anonymous SecurityContext
2025-06-19 14:42:33.446 [http-nio-8888-exec-6] DEBUG org.springframework.security.web.FilterChainProxy - Secured GET /product/hot?limit=10
2025-06-19 14:42:33.446 [http-nio-8888-exec-7] DEBUG org.springframework.security.web.FilterChainProxy - Secured GET /category/list
2025-06-19 14:42:33.581 [http-nio-8888-exec-6] INFO  com.zaxxer.hikari.HikariDataSource - HikariPool-1 - Starting...
2025-06-19 14:42:33.767 [http-nio-8888-exec-6] INFO  com.zaxxer.hikari.pool.HikariPool - HikariPool-1 - Added connection com.mysql.cj.jdbc.ConnectionImpl@78856418
2025-06-19 14:42:33.768 [http-nio-8888-exec-6] INFO  com.zaxxer.hikari.HikariDataSource - HikariPool-1 - Start completed.
2025-06-19 14:42:43.702 [SpringApplicationShutdownHook] INFO  com.zaxxer.hikari.HikariDataSource - HikariPool-1 - Shutdown initiated...
2025-06-19 14:42:43.709 [SpringApplicationShutdownHook] INFO  com.zaxxer.hikari.HikariDataSource - HikariPool-1 - Shutdown completed.
